Start testing: Jul 15 01:20 CDT
----------------------------------------------------------
1/6 Testing: SharedMemoryTest.CreateAndDestroy
1/6 Test: SharedMemoryTest.CreateAndDestroy
Command: "/home/spinoza/github/SMA/build/tests/shared_memory_tests" "--gtest_filter=SharedMemoryTest.CreateAndDestroy" "--gtest_also_run_disabled_tests"
Directory: /home/spinoza/github/SMA/build/tests
"SharedMemoryTest.CreateAndDestroy" start time: Jul 15 01:20 CDT
Output:
----------------------------------------------------------
Note: Google Test filter = SharedMemoryTest.CreateAndDestroy
[==========] Running 1 test from 1 test suite.
[----------] Global test environment set-up.
[----------] 1 test from SharedMemoryTest
[ RUN      ] SharedMemoryTest.CreateAndDestroy
[       OK ] SharedMemoryTest.CreateAndDestroy (0 ms)
[----------] 1 test from SharedMemoryTest (0 ms total)

[----------] Global test environment tear-down
[==========] 1 test from 1 test suite ran. (0 ms total)
[  PASSED  ] 1 test.
<end of output>
Test time =   0.00 sec
----------------------------------------------------------
Test Passed.
"SharedMemoryTest.CreateAndDestroy" end time: Jul 15 01:20 CDT
"SharedMemoryTest.CreateAndDestroy" time elapsed: 00:00:00
----------------------------------------------------------

2/6 Testing: SharedMemoryTest.MultipleInstances
2/6 Test: SharedMemoryTest.MultipleInstances
Command: "/home/spinoza/github/SMA/build/tests/shared_memory_tests" "--gtest_filter=SharedMemoryTest.MultipleInstances" "--gtest_also_run_disabled_tests"
Directory: /home/spinoza/github/SMA/build/tests
"SharedMemoryTest.MultipleInstances" start time: Jul 15 01:20 CDT
Output:
----------------------------------------------------------
Note: Google Test filter = SharedMemoryTest.MultipleInstances
[==========] Running 1 test from 1 test suite.
[----------] Global test environment set-up.
[----------] 1 test from SharedMemoryTest
[ RUN      ] SharedMemoryTest.MultipleInstances
[       OK ] SharedMemoryTest.MultipleInstances (0 ms)
[----------] 1 test from SharedMemoryTest (0 ms total)

[----------] Global test environment tear-down
[==========] 1 test from 1 test suite ran. (0 ms total)
[  PASSED  ] 1 test.
<end of output>
Test time =   0.00 sec
----------------------------------------------------------
Test Passed.
"SharedMemoryTest.MultipleInstances" end time: Jul 15 01:20 CDT
"SharedMemoryTest.MultipleInstances" time elapsed: 00:00:00
----------------------------------------------------------

3/6 Testing: SharedMemoryTest.AllocatorBasicUsage
3/6 Test: SharedMemoryTest.AllocatorBasicUsage
Command: "/home/spinoza/github/SMA/build/tests/shared_memory_tests" "--gtest_filter=SharedMemoryTest.AllocatorBasicUsage" "--gtest_also_run_disabled_tests"
Directory: /home/spinoza/github/SMA/build/tests
"SharedMemoryTest.AllocatorBasicUsage" start time: Jul 15 01:20 CDT
Output:
----------------------------------------------------------
Note: Google Test filter = SharedMemoryTest.AllocatorBasicUsage
[==========] Running 1 test from 1 test suite.
[----------] Global test environment set-up.
[----------] 1 test from SharedMemoryTest
[ RUN      ] SharedMemoryTest.AllocatorBasicUsage
[       OK ] SharedMemoryTest.AllocatorBasicUsage (0 ms)
[----------] 1 test from SharedMemoryTest (0 ms total)

[----------] Global test environment tear-down
[==========] 1 test from 1 test suite ran. (0 ms total)
[  PASSED  ] 1 test.
<end of output>
Test time =   0.00 sec
----------------------------------------------------------
Test Passed.
"SharedMemoryTest.AllocatorBasicUsage" end time: Jul 15 01:20 CDT
"SharedMemoryTest.AllocatorBasicUsage" time elapsed: 00:00:00
----------------------------------------------------------

4/6 Testing: SharedMemoryTest.AllocatorOutOfMemory
4/6 Test: SharedMemoryTest.AllocatorOutOfMemory
Command: "/home/spinoza/github/SMA/build/tests/shared_memory_tests" "--gtest_filter=SharedMemoryTest.AllocatorOutOfMemory" "--gtest_also_run_disabled_tests"
Directory: /home/spinoza/github/SMA/build/tests
"SharedMemoryTest.AllocatorOutOfMemory" start time: Jul 15 01:20 CDT
Output:
----------------------------------------------------------
Note: Google Test filter = SharedMemoryTest.AllocatorOutOfMemory
[==========] Running 1 test from 1 test suite.
[----------] Global test environment set-up.
[----------] 1 test from SharedMemoryTest
[ RUN      ] SharedMemoryTest.AllocatorOutOfMemory
[       OK ] SharedMemoryTest.AllocatorOutOfMemory (0 ms)
[----------] 1 test from SharedMemoryTest (0 ms total)

[----------] Global test environment tear-down
[==========] 1 test from 1 test suite ran. (0 ms total)
[  PASSED  ] 1 test.
<end of output>
Test time =   0.00 sec
----------------------------------------------------------
Test Passed.
"SharedMemoryTest.AllocatorOutOfMemory" end time: Jul 15 01:20 CDT
"SharedMemoryTest.AllocatorOutOfMemory" time elapsed: 00:00:00
----------------------------------------------------------

5/6 Testing: SharedMemoryTest.MultiProcessAccess
5/6 Test: SharedMemoryTest.MultiProcessAccess
Command: "/home/spinoza/github/SMA/build/tests/shared_memory_tests" "--gtest_filter=SharedMemoryTest.MultiProcessAccess" "--gtest_also_run_disabled_tests"
Directory: /home/spinoza/github/SMA/build/tests
"SharedMemoryTest.MultiProcessAccess" start time: Jul 15 01:20 CDT
Output:
----------------------------------------------------------
Note: Google Test filter = SharedMemoryTest.MultiProcessAccess
[==========] Running 1 test from 1 test suite.
[----------] Global test environment set-up.
[----------] 1 test from SharedMemoryTest
[ RUN      ] SharedMemoryTest.MultiProcessAccess
/home/spinoza/github/SMA/tests/shared_memory_tests.cpp:87: Failure
Expected equality of these values:
  vec.size()
    Which is: 0
  100
<end of output>
Test time =   1.11 sec
----------------------------------------------------------
Test Failed.
"SharedMemoryTest.MultiProcessAccess" end time: Jul 15 01:20 CDT
"SharedMemoryTest.MultiProcessAccess" time elapsed: 00:00:01
----------------------------------------------------------

6/6 Testing: SharedMemoryTest.ConcurrentAccess
6/6 Test: SharedMemoryTest.ConcurrentAccess
Command: "/home/spinoza/github/SMA/build/tests/shared_memory_tests" "--gtest_filter=SharedMemoryTest.ConcurrentAccess" "--gtest_also_run_disabled_tests"
Directory: /home/spinoza/github/SMA/build/tests
"SharedMemoryTest.ConcurrentAccess" start time: Jul 15 01:20 CDT
Output:
----------------------------------------------------------
Note: Google Test filter = SharedMemoryTest.ConcurrentAccess
[==========] Running 1 test from 1 test suite.
[----------] Global test environment set-up.
[----------] 1 test from SharedMemoryTest
[ RUN      ] SharedMemoryTest.ConcurrentAccess
Missing value: 1
Missing value: 2
Missing value: 3
Missing value: 4
Missing value: 5
Missing value: 6
Missing value: 7
Missing value: 8
Missing value: 9
Missing value: 10
Missing value: 11
... and more
/home/spinoza/github/SMA/tests/shared_memory_tests.cpp:165: Failure
Expected equality of these values:
  missing_count
    Which is: 11
  0
Some values were not written correctly
[  FAILED  ] SharedMemoryTest.ConcurrentAccess (208 ms)
[----------] 1 test from SharedMemoryTest (208 ms total)

[----------] Global test environment tear-down
[==========] 1 test from 1 test suite ran. (208 ms total)
[  PASSED  ] 0 tests.
[  FAILED  ] 1 test, listed below:
[  FAILED  ] SharedMemoryTest.ConcurrentAccess

 1 FAILED TEST
<end of output>
Test time =   0.21 sec
----------------------------------------------------------
Test Failed.
"SharedMemoryTest.ConcurrentAccess" end time: Jul 15 01:20 CDT
"SharedMemoryTest.ConcurrentAccess" time elapsed: 00:00:00
----------------------------------------------------------

End testing: Jul 15 01:20 CDT
